1650346085108	geckodriver	INFO	Listening on 127.0.0.1:54309
1650346088167	mozrunner::runner	INFO	Running command: "C:\\Program Files\\Mozilla Firefox\\firefox.exe" "--marionette" "--remote-debugging-port" "54310" "--remote-allow-hosts" "localhost" "-no-remote" "-profile" "C:\\Users\\Jet\\AppData\\Local\\Temp\\rust_mozprofile8vtuXy"
1650346089660	Marionette	INFO	Marionette enabled
1650346114403	geckodriver	INFO	Listening on 127.0.0.1:54321
1650346117446	mozrunner::runner	INFO	Running command: "C:\\Program Files\\Mozilla Firefox\\firefox.exe" "--marionette" "--remote-debugging-port" "54322" "--remote-allow-hosts" "localhost" "-no-remote" "-profile" "C:\\Users\\Jet\\AppData\\Local\\Temp\\rust_mozprofilejfp0HC"
1650346117978	Marionette	INFO	Marionette enabled
console.warn: SearchSettings: "get: No settings file exists, new profile?" (new NotFoundError("Could not open the file at C:\\Users\\Jet\\AppData\\Local\\Temp\\rust_mozprofilejfp0HC\\search.json.mozlz4", (void 0)))
DevTools listening on ws://localhost:54322/devtools/browser/4a0d6feb-281b-4d17-a371-959ff718b1f6
1650346123056	Marionette	INFO	Listening on port 54355
Read port: 54355
1650346123463	RemoteAgent	WARN	TLS certificate errors will be ignored for this session
1650346132292	Marionette	INFO	Stopped listening on port 54355
console.warn: TopSitesFeed: Failed to fetch data from Contile server: NetworkError when attempting to fetch resource.
1650346135080	geckodriver	INFO	Listening on 127.0.0.1:54388
1650346138124	mozrunner::runner	INFO	Running command: "C:\\Program Files\\Mozilla Firefox\\firefox.exe" "--marionette" "--remote-debugging-port" "54389" "--remote-allow-hosts" "localhost" "-no-remote" "-profile" "C:\\Users\\Jet\\AppData\\Local\\Temp\\rust_mozprofilePTSLmo"
1650346138587	Marionette	INFO	Marionette enabled
console.warn: SearchSettings: "get: No settings file exists, new profile?" (new NotFoundError("Could not open the file at C:\\Users\\Jet\\AppData\\Local\\Temp\\rust_mozprofilePTSLmo\\search.json.mozlz4", (void 0)))
DevTools listening on ws://localhost:54389/devtools/browser/efe6db5a-faed-4a13-9776-b7594f324805
1650346142003	Marionette	INFO	Listening on port 54409
Read port: 54409
1650346142194	RemoteAgent	WARN	TLS certificate errors will be ignored for this session
1650346147730	Marionette	INFO	Stopped listening on port 54409
console.warn: TopSitesFeed: Failed to fetch data from Contile server: NetworkError when attempting to fetch resource.
1650346247405	geckodriver	INFO	Listening on 127.0.0.1:54479
1650346250465	mozrunner::runner	INFO	Running command: "C:\\Program Files\\Mozilla Firefox\\firefox.exe" "--marionette" "--remote-debugging-port" "54480" "--remote-allow-hosts" "localhost" "-no-remote" "-profile" "C:\\Users\\Jet\\AppData\\Local\\Temp\\rust_mozprofileQfqvNY"
1650346250779	Marionette	INFO	Marionette enabled
console.warn: SearchSettings: "get: No settings file exists, new profile?" (new NotFoundError("Could not open the file at C:\\Users\\Jet\\AppData\\Local\\Temp\\rust_mozprofileQfqvNY\\search.json.mozlz4", (void 0)))
DevTools listening on ws://localhost:54480/devtools/browser/22c95891-872b-4f70-bac0-48a75a44637f
1650346253186	Marionette	INFO	Listening on port 54504
Read port: 54504
1650346253265	RemoteAgent	WARN	TLS certificate errors will be ignored for this session
1650346263831	Marionette	INFO	Stopped listening on port 54504
console.warn: TopSitesFeed: Failed to fetch data from Contile server: NetworkError when attempting to fetch resource.

###!!! [Parent][PGPUParent] Error: RunMessage(msgname=PGPU::Msg_ShutdownVR) Channel closing: too late to send/recv, messages will be lost

1650346451242	geckodriver	INFO	Listening on 127.0.0.1:54648
1650346454307	mozrunner::runner	INFO	Running command: "C:\\Program Files\\Mozilla Firefox\\firefox.exe" "--marionette" "--remote-debugging-port" "54649" "--remote-allow-hosts" "localhost" "-no-remote" "-profile" "C:\\Users\\Jet\\AppData\\Local\\Temp\\rust_mozprofileOMVKH2"
1650346454628	Marionette	INFO	Marionette enabled
console.warn: SearchSettings: "get: No settings file exists, new profile?" (new NotFoundError("Could not open the file at C:\\Users\\Jet\\AppData\\Local\\Temp\\rust_mozprofileOMVKH2\\search.json.mozlz4", (void 0)))
DevTools listening on ws://localhost:54649/devtools/browser/23720fe5-e0a8-4be7-9880-894e6c2015b9
1650346456790	Marionette	INFO	Listening on port 54671
Read port: 54671
1650346456898	RemoteAgent	WARN	TLS certificate errors will be ignored for this session
1650346569269	Marionette	INFO	Stopped listening on port 54671
console.warn: TopSitesFeed: Failed to fetch data from Contile server: NetworkError when attempting to fetch resource.
1650346574771	geckodriver	INFO	Listening on 127.0.0.1:54741
1650346577832	mozrunner::runner	INFO	Running command: "C:\\Program Files\\Mozilla Firefox\\firefox.exe" "--marionette" "--remote-debugging-port" "54742" "--remote-allow-hosts" "localhost" "-no-remote" "-profile" "C:\\Users\\Jet\\AppData\\Local\\Temp\\rust_mozprofileVRALdX"
1650346578169	Marionette	INFO	Marionette enabled
console.warn: SearchSettings: "get: No settings file exists, new profile?" (new NotFoundError("Could not open the file at C:\\Users\\Jet\\AppData\\Local\\Temp\\rust_mozprofileVRALdX\\search.json.mozlz4", (void 0)))
DevTools listening on ws://localhost:54742/devtools/browser/b654d0ef-15ab-4810-8d6f-ce1716b8a324
1650346580445	Marionette	INFO	Listening on port 54761
Read port: 54761
1650346580568	RemoteAgent	WARN	TLS certificate errors will be ignored for this session
1650346613594	Marionette	INFO	Stopped listening on port 54761
console.error: services.settings: 
  main/query-stripping Signature failed  TypeError: NetworkError: Network request failed
console.warn: TopSitesFeed: Failed to fetch data from Contile server: NetworkError when attempting to fetch resource.

###!!! [Parent][PGPUParent] Error: RunMessage(msgname=PGPU::Msg_ShutdownVR) Channel closing: too late to send/recv, messages will be lost

ofile?" (new NotFoundError("Could not open the file at C:\\Users\\Jet\\AppData\\Local\\Temp\\rust_mozprofilegKxSBW\\search.json.mozlz4", (void 0)))
DevTools listening on ws://localhost:54791/devtools/browser/4ab633f1-aa84-4c89-9c53-41b0eace0ae2
1650346610978	Marionette	INFO	Listening on port 54810
Read port: 54810
1650346611090	RemoteAgent	WARN	TLS certificate errors will be ignored for this session
1650346627021	Marionette	INFO	Stopped listening on port 54810
console.warn: TopSitesFeed: Failed to fetch data from Contile server: NetworkError when attempting to fetch resource.
1650346698425	geckodriver	INFO	Listening on 127.0.0.1:54980
1650346701482	mozrunner::runner	INFO	Running command: "C:\\Program Files\\Mozilla Firefox\\firefox.exe" "--marionette" "--remote-debugging-port" "54981" "--remote-allow-hosts" "localhost" "-no-remote" "-profile" "C:\\Users\\Jet\\AppData\\Local\\Temp\\rust_mozprofilemBjoQA"
1650346701868	Marionette	INFO	Marionette enabled
console.warn: SearchSettings: "get: No settings file exists, new profile?" (new NotFoundError("Could not open the file at C:\\Users\\Jet\\AppData\\Local\\Temp\\rust_mozprofilemBjoQA\\search.json.mozlz4", (void 0)))
DevTools listening on ws://localhost:54981/devtools/browser/8fac3c7b-e050-4077-beb9-f3c54154b1f8
1650346704191	Marionette	INFO	Listening on port 55001
Read port: 55001
1650346704294	RemoteAgent	WARN	TLS certificate errors will be ignored for this session
console.error: Region.jsm: "Error fetching region" (new Error("TIMEOUT", "resource://gre/modules/Region.jsm", 772))
console.error: Region.jsm: "Failed to fetch region" (new Error("TIMEOUT", "resource://gre/modules/Region.jsm", 419))
1650346730603	Marionette	INFO	Stopped listening on port 55001
console.warn: TopSitesFeed: Failed to fetch data from Contile server: NetworkError when attempting to fetch resource.
1650346732805	geckodriver	INFO	Listening on 127.0.0.1:55058
1650346735852	mozrunner::runner	INFO	Running command: "C:\\Program Files\\Mozilla Firefox\\firefox.exe" "--marionette" "--remote-debugging-port" "55059" "--remote-allow-hosts" "localhost" "-no-remote" "-profile" "C:\\Users\\Jet\\AppData\\Local\\Temp\\rust_mozprofileyhCny5"
1650346736213	Marionette	INFO	Marionette enabled
console.warn: SearchSettings: "get: No settings file exists, new profile?" (new NotFoundError("Could not open the file at C:\\Users\\Jet\\AppData\\Local\\Temp\\rust_mozprofileyhCny5\\search.json.mozlz4", (void 0)))
DevTools listening on ws://localhost:55059/devtools/browser/028144ba-4686-4350-ad72-dcd4a8e2ede2
1650346738496	Marionette	INFO	Listening on port 55081
Read port: 55081
1650346738556	RemoteAgent	WARN	TLS certificate errors will be ignored for this session
1650346777778	Marionette	INFO	Stopped listening on port 55081
console.warn: TopSitesFeed: Failed to fetch data from Contile server: NetworkError when attempting to fetch resource.

###!!! [Parent][PGPUParent] Error: RunMessage(msgname=PGPU::Msg_ShutdownVR) Channel closing: too late to send/recv, messages will be lost

1650346779962	geckodriver	INFO	Listening on 127.0.0.1:55131
1650346783063	mozrunner::runner	INFO	Running command: "C:\\Program Files\\Mozilla Firefox\\firefox.exe" "--marionette" "--remote-debugging-port" "55132" "--remote-allow-hosts" "localhost" "-no-remote" "-profile" "C:\\Users\\Jet\\AppData\\Local\\Temp\\rust_mozprofileLL0uxs"
1650346783496	Marionette	INFO	Marionette enabled
console.warn: SearchSettings: "get: No settings file exists, new profile?" (new NotFoundError("Could not open the file at C:\\Users\\Jet\\AppData\\Local\\Temp\\rust_mozprofileLL0uxs\\search.json.mozlz4", (void 0)))
DevTools listening on ws://localhost:55132/devtools/browser/f5e2673d-1b1a-47b2-8c4a-8084f5ee7737
1650346786066	Marionette	INFO	Listening on port 55151
Read port: 55151
1650346786122	RemoteAgent	WARN	TLS certificate errors will be ignored for this session
1650346808834	Marionette	INFO	Stopped listening on port 55151
console.warn: TopSitesFeed: Failed to fetch data from Contile server: NetworkError when attempting to fetch resource.

###!!! [Parent][PGPUParent] Error: RunMessage(msgname=PGPU::Msg_ShutdownVR) Channel closing: too late to send/recv, messages will be lost

1650347005890	geckodriver	INFO	Listening on 127.0.0.1:55227
1650347008960	mozrunner::runner	INFO	Running command: "C:\\Program Files\\Mozilla Firefox\\firefox.exe" "--marionette" "--remote-debugging-port" "55228" "--remote-allow-hosts" "localhost" "-no-remote" "-profile" "C:\\Users\\Jet\\AppData\\Local\\Temp\\rust_mozprofilegiyoqq"
1650347009289	Marionette	INFO	Marionette enabled
console.warn: SearchSettings: "get: No settings file exists, new profile?" (new NotFoundError("Could not open the file at C:\\Users\\Jet\\AppData\\Local\\Temp\\rust_mozprofilegiyoqq\\search.json.mozlz4", (void 0)))
DevTools listening on ws://localhost:55228/devtools/browser/5c049609-1524-458b-8959-efccd9e8f4f1
1650347011536	Marionette	INFO	Listening on port 55251
Read port: 55251
1650347011648	RemoteAgent	WARN	TLS certificate errors will be ignored for this session
JavaScript error: resource://gre/modules/AsyncShutdown.jsm, line 575: NotFoundError: No such JSWindowActor 'DevToolsFrame'
1650347129435	Marionette	INFO	Stopped listening on port 55251

###!!! [Parent][PGPUParent] Error: RunMessage(msgname=PGPU::Msg_ShutdownVR) Channel closing: too late to send/recv, messages will be lost

1650347136476	geckodriver	INFO	Listening on 127.0.0.1:55321
1650347139521	mozrunner::runner	INFO	Running command: "C:\\Program Files\\Mozilla Firefox\\firefox.exe" "--marionette" "--remote-debugging-port" "55322" "--remote-allow-hosts" "localhost" "-no-remote" "-profile" "C:\\Users\\Jet\\AppData\\Local\\Temp\\rust_mozprofile9zh0Et"
1650347139859	Marionette	INFO	Marionette enabled
console.warn: SearchSettings: "get: No settings file exists, new profile?" (new NotFoundError("Could not open the file at C:\\Users\\Jet\\AppData\\Local\\Temp\\rust_mozprofile9zh0Et\\search.json.mozlz4", (void 0)))
DevTools listening on ws://localhost:55322/devtools/browser/c022b93e-85e9-4e9a-b10c-1ec22cacef0b
1650347142086	Marionette	INFO	Listening on port 55347
Read port: 55347
1650347142196	RemoteAgent	WARN	TLS certificate errors will be ignored for this session
1650347245132	Marionette	INFO	Stopped listening on port 55347
console.warn: TopSitesFeed: Failed to fetch data from Contile server: NetworkError when attempting to fetch resource.

###!!! [Parent][PGPUParent] Error: RunMessage(msgname=PGPU::Msg_ShutdownVR) Channel closing: too late to send/recv, messages will be lost

1650347311595	geckodriver	INFO	Listening on 127.0.0.1:55416
1650347314650	mozrunner::runner	INFO	Running command: "C:\\Program Files\\Mozilla Firefox\\firefox.exe" "--marionette" "--remote-debugging-port" "55417" "--remote-allow-hosts" "localhost" "-no-remote" "-profile" "C:\\Users\\Jet\\AppData\\Local\\Temp\\rust_mozprofile3MgOpX"
1650347314996	Marionette	INFO	Marionette enabled
console.warn: SearchSettings: "get: No settings file exists, new profile?" (new NotFoundError("Could not open the file at C:\\Users\\Jet\\AppData\\Local\\Temp\\rust_mozprofile3MgOpX\\search.json.mozlz4", (void 0)))
DevTools listening on ws://localhost:55417/devtools/browser/e6f13252-f839-4a0d-b160-09514aaf058d
1650347317167	Marionette	INFO	Listening on port 55438
Read port: 55438
1650347317243	RemoteAgent	WARN	TLS certificate errors will be ignored for this session
JavaScript error: , line 0: NS_ERROR_NOT_AVAILABLE
1650348266390	Marionette	INFO	Stopped listening on port 55438
console.warn: TopSitesFeed: Failed to fetch data from Contile server: NetworkError when attempting to fetch resource.
" "localhost" "-no-remote" "-profile" "C:\\Users\\Jet\\AppData\\Local\\Temp\\rust_mozprofile3EifCj"
1650347357259	Marionette	INFO	Marionette enabled
console.warn: SearchSettings: "get: No settings file exists, new profile?" (new NotFoundError("Could not open the file at C:\\Users\\Jet\\AppData\\Local\\Temp\\rust_mozprofile3EifCj\\search.json.mozlz4", (void 0)))
DevTools listening on ws://localhost:55487/devtools/browser/751357ca-7c76-43a1-9d0f-a422c317efba
1650347359549	Marionette	INFO	Listening on port 55506
Read port: 55506
1650347359620	RemoteAgent	WARN	TLS certificate errors will be ignored for this session
1650347377603	Marionette	INFO	Stopped listening on port 55506
console.warn: TopSitesFeed: Failed to fetch data from Contile server: NetworkError when attempting to fetch resource.
JavaScript error: chrome://remote/content/marionette/cert.js, line 55: NS_ERROR_NOT_AVAILABLE: Component returned failure code: 0x80040111 (NS_ERROR_NOT_AVAILABLE) [nsICertOverrideService.setDisableAllSecurityChecksAndLetAttackersInterceptMyData]
1650347383858	geckodriver	INFO	Listening on 127.0.0.1:55529
1650347386902	mozrunner::runner	INFO	Running command: "C:\\Program Files\\Mozilla Firefox\\firefox.exe" "--marionette" "--remote-debugging-port" "55530" "--remote-allow-hosts" "localhost" "-no-remote" "-profile" "C:\\Users\\Jet\\AppData\\Local\\Temp\\rust_mozprofiledEJZp6"
1650347387261	Marionette	INFO	Marionette enabled
console.warn: SearchSettings: "get: No settings file exists, new profile?" (new NotFoundError("Could not open the file at C:\\Users\\Jet\\AppData\\Local\\Temp\\rust_mozprofiledEJZp6\\search.json.mozlz4", (void 0)))
DevTools listening on ws://localhost:55530/devtools/browser/0f896426-fca2-4d28-ae8c-071e7a6623b0
1650347390311	Marionette	INFO	Listening on port 55550
Read port: 55550
1650347390464	RemoteAgent	WARN	TLS certificate errors will be ignored for this session
1650347406541	Marionette	INFO	Stopped listening on port 55550

###!!! [Child][PContentChild] Error: RunMessage(msgname=PHttpChannel::Msg_DeleteSelf) Channel closing: too late to send/recv, messages will be lost


###!!! [Child][PContentChild] Error: Send(msgname=PHttpChannel::Msg_RemoveCorsPreflightCacheEntry) Channel closing: too late to send/recv, messages will be lost


###!!! [Child][PContentChild] Error: Send(msgname=PHttpChannel::Msg_DeletingChannel) Channel closing: too late to send/recv, messages will be lost

console.warn: TopSitesFeed: Failed to fetch data from Contile server: NetworkError when attempting to fetch resource.
1650348170647	geckodriver	INFO	Listening on 127.0.0.1:55760
1650348173687	mozrunner::runner	INFO	Running command: "C:\\Program Files\\Mozilla Firefox\\firefox.exe" "--marionette" "--remote-debugging-port" "55761" "--remote-allow-hosts" "localhost" "-no-remote" "-profile" "C:\\Users\\Jet\\AppData\\Local\\Temp\\rust_mozprofileWzSZSx"
1650348174033	Marionette	INFO	Marionette enabled
console.warn: SearchSettings: "get: No settings file exists, new profile?" (new NotFoundError("Could not open the file at C:\\Users\\Jet\\AppData\\Local\\Temp\\rust_mozprofileWzSZSx\\search.json.mozlz4", (void 0)))
DevTools listening on ws://localhost:55761/devtools/browser/f62cf6a4-1413-4408-a198-d964ec0db2c4
1650348176535	Marionette	INFO	Listening on port 55785
Read port: 55785
1650348176617	RemoteAgent	WARN	TLS certificate errors will be ignored for this session
1650348194657	Marionette	INFO	Stopped listening on port 55785
console.warn: TopSitesFeed: Failed to fetch data from Contile server: NetworkError when attempting to fetch resource.
1650348197617	geckodriver	INFO	Listening on 127.0.0.1:55823
1650348200659	mozrunner::runner	INFO	Running command: "C:\\Program Files\\Mozilla Firefox\\firefox.exe" "--marionette" "--remote-debugging-port" "55824" "--remote-allow-hosts" "localhost" "-no-remote" "-profile" "C:\\Users\\Jet\\AppData\\Local\\Temp\\rust_mozprofileXESLbG"
1650348201052	Marionette	INFO	Marionette enabled
console.warn: SearchSettings: "get: No settings file exists, new profile?" (new NotFoundError("Could not open the file at C:\\Users\\Jet\\AppData\\Local\\Temp\\rust_mozprofileXESLbG\\search.json.mozlz4", (void 0)))
DevTools listening on ws://localhost:55824/devtools/browser/dc3a3ec9-2411-45d6-97e2-393016da28d3
1650348203363	Marionette	INFO	Listening on port 55845
Read port: 55845
1650348203474	RemoteAgent	WARN	TLS certificate errors will be ignored for this session
1650348335052	Marionette	INFO	Stopped listening on port 55845
console.warn: TopSitesFeed: Failed to fetch data from Contile server: NetworkError when attempting to fetch resource.
remote-debugging-port" "55911" "--remote-allow-hosts" "localhost" "-no-remote" "-profile" "C:\\Users\\Jet\\AppData\\Local\\Temp\\rust_mozprofilefpHPAn"
1650348264548	Marionette	INFO	Marionette enabled
console.warn: SearchSettings: "get: No settings file exists, new profile?" (new NotFoundError("Could not open the file at C:\\Users\\Jet\\AppData\\Local\\Temp\\rust_mozprofilefpHPAn\\search.json.mozlz4", (void 0)))
DevTools listening on ws://localhost:55911/devtools/browser/b8f5ed7b-c6d0-4fa2-b10e-45546305060e
1650348266950	Marionette	INFO	Listening on port 55942
Read port: 55942
1650348267057	RemoteAgent	WARN	TLS certificate errors will be ignored for this session
1650348313389	Marionette	INFO	Stopped listening on port 55942
console.warn: TopSitesFeed: Failed to fetch data from Contile server: NetworkError when attempting to fetch resource.
1650348316673	geckodriver	INFO	Listening on 127.0.0.1:55991
1650348319735	mozrunner::runner	INFO	Running command: "C:\\Program Files\\Mozilla Firefox\\firefox.exe" "--marionette" "--remote-debugging-port" "55992" "--remote-allow-hosts" "localhost" "-no-remote" "-profile" "C:\\Users\\Jet\\AppData\\Local\\Temp\\rust_mozprofile5h3Wui"
1650348320126	Marionette	INFO	Marionette enabled
console.warn: SearchSettings: "get: No settings file exists, new profile?" (new NotFoundError("Could not open the file at C:\\Users\\Jet\\AppData\\Local\\Temp\\rust_mozprofile5h3Wui\\search.json.mozlz4", (void 0)))
DevTools listening on ws://localhost:55992/devtools/browser/8390a4c8-3ebe-4171-b266-3616d426c56d
1650348322488	Marionette	INFO	Listening on port 56017
Read port: 56017
1650348322545	RemoteAgent	WARN	TLS certificate errors will be ignored for this session
1650348333983	Marionette	INFO	Stopped listening on port 56017
console.warn: TopSitesFeed: Failed to fetch data from Contile server: NetworkError when attempting to fetch resource.
JavaScript error: chrome://remote/content/marionette/cert.js, line 55: NS_ERROR_NOT_AVAILABLE: Component returned failure code: 0x80040111 (NS_ERROR_NOT_AVAILABLE) [nsICertOverrideService.setDisableAllSecurityChecksAndLetAttackersInterceptMyData]

###!!! [Parent][PGPUParent] Error: RunMessage(msgname=PGPU::Msg_ShutdownVR) Channel closing: too late to send/recv, messages will be lost

1650348337220	geckodriver	INFO	Listening on 127.0.0.1:56034
1650348340260	mozrunner::runner	INFO	Running command: "C:\\Program Files\\Mozilla Firefox\\firefox.exe" "--marionette" "--remote-debugging-port" "56035" "--remote-allow-hosts" "localhost" "-no-remote" "-profile" "C:\\Users\\Jet\\AppData\\Local\\Temp\\rust_mozprofile8lRlLC"
1650348340618	Marionette	INFO	Marionette enabled
console.warn: SearchSettings: "get: No settings file exists, new profile?" (new NotFoundError("Could not open the file at C:\\Users\\Jet\\AppData\\Local\\Temp\\rust_mozprofile8lRlLC\\search.json.mozlz4", (void 0)))
DevTools listening on ws://localhost:56035/devtools/browser/864030d0-93a6-4eeb-ab2b-16ac90501989
1650348342761	Marionette	INFO	Listening on port 56056
Read port: 56056
1650348342836	RemoteAgent	WARN	TLS certificate errors will be ignored for this session
1650348347334	Marionette	WARN	TimedPromise timed out after 500 ms: stacktrace:
TimedPromise/<@chrome://remote/content/marionette/sync.js:235:19
TimedPromise@chrome://remote/content/marionette/sync.js:220:10
interaction.flushEventLoop@chrome://remote/content/marionette/interaction.js:431:10
webdriverClickElement@chrome://remote/content/marionette/interaction.js:179:31
1650348348054	Marionette	WARN	TimedPromise timed out after 500 ms: stacktrace:
TimedPromise/<@chrome://remote/content/marionette/sync.js:235:19
TimedPromise@chrome://remote/content/marionette/sync.js:220:10
interaction.flushEventLoop@chrome://remote/content/marionette/interaction.js:431:10
webdriverClickElement@chrome://remote/content/marionette/interaction.js:179:31
1650348348774	Marionette	WARN	TimedPromise timed out after 500 ms: stacktrace:
TimedPromise/<@chrome://remote/content/marionette/sync.js:235:19
TimedPromise@chrome://remote/content/marionette/sync.js:220:10
interaction.flushEventLoop@chrome://remote/content/marionette/interaction.js:431:10
webdriverClickElement@chrome://remote/content/marionette/interaction.js:179:31
1650348602117	Marionette	INFO	Stopped listening on port 56056
console.warn: TopSitesFeed: Failed to fetch data from Contile server: NetworkError when attempting to fetch resource.

###!!! [Parent][PGPUParent] Error: RunMessage(msgname=PGPU::Msg_ShutdownVR) Channel closing: too late to send/recv, messages will be lost

1650348668482	geckodriver	INFO	Listening on 127.0.0.1:56124
1650348671531	mozrunner::runner	INFO	Running command: "C:\\Program Files\\Mozilla Firefox\\firefox.exe" "--marionette" "--remote-debugging-port" "56125" "--remote-allow-hosts" "localhost" "-no-remote" "-profile" "C:\\Users\\Jet\\AppData\\Local\\Temp\\rust_mozprofileditpQf"
1650348671902	Marionette	INFO	Marionette enabled
console.warn: SearchSettings: "get: No settings file exists, new profile?" (new NotFoundError("Could not open the file at C:\\Users\\Jet\\AppData\\Local\\Temp\\rust_mozprofileditpQf\\search.json.mozlz4", (void 0)))
DevTools listening on ws://localhost:56125/devtools/browser/08ab5ef3-ded4-48ed-8103-14535ef26295
1650348674241	Marionette	INFO	Listening on port 56148
Read port: 56148
1650348674335	RemoteAgent	WARN	TLS certificate errors will be ignored for this session
JavaScript error: , line 0: NotFoundError: No such JSWindowActor 'DevToolsFrame'
1650348980061	Marionette	INFO	Stopped listening on port 56148
console.warn: TopSitesFeed: Failed to fetch data from Contile server: NetworkError when attempting to fetch resource.

###!!! [Parent][PGPUParent] Error: RunMessage(msgname=PGPU::Msg_ShutdownVR) Channel closing: too late to send/recv, messages will be lost

ehnQTi7"
1650348935103	Marionette	INFO	Marionette enabled
console.warn: SearchSettings: "get: No settings file exists, new profile?" (new NotFoundError("Could not open the file at C:\\Users\\Jet\\AppData\\Local\\Temp\\rust_mozprofilehnQTi7\\search.json.mozlz4", (void 0)))
DevTools listening on ws://localhost:56224/devtools/browser/1c558ba2-91c5-4d90-95ad-c1bf24ad99d9
1650348937438	Marionette	INFO	Listening on port 56247
Read port: 56247
1650348937538	RemoteAgent	WARN	TLS certificate errors will be ignored for this session
1650348978798	Marionette	INFO	Stopped listening on port 56247
console.warn: TopSitesFeed: Failed to fetch data from Contile server: NetworkError when attempting to fetch resource.
1650349082050	geckodriver	INFO	Listening on 127.0.0.1:56715
1650349085090	mozrunner::runner	INFO	Running command: "C:\\Program Files\\Mozilla Firefox\\firefox.exe" "--marionette" "--remote-debugging-port" "56716" "--remote-allow-hosts" "localhost" "-no-remote" "-profile" "C:\\Users\\Jet\\AppData\\Local\\Temp\\rust_mozprofilef1DRBY"
1650349085788	Marionette	INFO	Marionette enabled
console.warn: SearchSettings: "get: No settings file exists, new profile?" (new NotFoundError("Could not open the file at C:\\Users\\Jet\\AppData\\Local\\Temp\\rust_mozprofilef1DRBY\\search.json.mozlz4", (void 0)))
DevTools listening on ws://localhost:56716/devtools/browser/76baa095-4138-47e0-b4bc-0b5d0b5f8413
1650349088503	Marionette	INFO	Listening on port 56734
Read port: 56734
1650349088612	RemoteAgent	WARN	TLS certificate errors will be ignored for this session
1650349117621	Marionette	INFO	Stopped listening on port 56731650349118393	mozrunner::runner	INFO	Running command: "C:\\Program Files\\Mozilla Firefox\\firefox.exe" "--marionette" "--remote-debugging-port" "56786" "--remote-allow-hosts" "localhost" "-no-remote" "-profile" "C:\\Users\\Jet\\AppData\\Local\\Temp\\rust_mozprofileDknqbr"
1650349118928	Marionette	INFO	Marionette enabled
console.warn: SearchSettings: "get: No settings file exists, new profile?" (new NotFoundError("Could not open the file at C:\\Users\\Jet\\AppData\\Local\\Temp\\rust_mozprofileDknqbr\\search.json.mozlz4", (void 0)))
DevTools listening on ws://localhost:56786/devtools/browser/662e7047-877b-4876-ae41-296eb336da3e
1650349121597	Marionette	INFO	Listening on port 56812
Read port: 56812
1650349121649	RemoteAgent	WARN	TLS certificate errors will be ignored for this session
1650349338584	Marionette	INFO	Stopped listening on port 56812
console.warn: TopSitesFeed: Failed to fetch data from Contile server: NetworkError when attempting to fetch resource.

###!!! [Parent][PGPUParent] Error: RunMessage(msgname=PGPU::Msg_ShutdownVR) Channel closing: too late to send/recv, messages will be lost

exNF5jN"
1650349219740	Marionette	INFO	Marionette enabled
console.warn: SearchSettings: "get: No settings file exists, new profile?" (new NotFoundError("Could not open the file at C:\\Users\\Jet\\AppData\\Local\\Temp\\rust_mozprofilexNF5jN\\search.json.mozlz4", (void 0)))
DevTools listening on ws://localhost:56894/devtools/browser/a6d409ee-7e5d-4962-8d5d-df7667136fda
1650349222267	Marionette	INFO	Listening on port 56925
Read port: 56925
1650349222416	RemoteAgent	WARN	TLS certificate errors will be ignored for this session
1650349339936	Marionette	INFO	Stopped listening on port 56925
console.warn: TopSitesFeed: Failed to fetch data from Contile server: NetworkError when attempting to fetch resource.
!!! error running onStopped callback: TypeError: callback is not a function
console.error: PushService: 
  stateChangeProcessEnqueue: Error transitioning state
  Message: Error: Data is not ready.
  Stack:
    get data@resource://gre/modules/JSONFile.jsm:186:13
getListeners@resource://gre/modules/PushBroadcastService.jsm:66:5
observe@resource://gre/modules/AsyncShutdown.jsm:575:16


###!!! [Parent][PGPUParent] Error: RunMessage(msgname=PGPU::Msg_ShutdownVR) Channel closing: too late to send/recv, messages will be lost

tte	INFO	Listening on port 57038
Read port: 57038
1650349339852	RemoteAgent	WARN	TLS certificate errors will be ignored for this session
JavaScript error: resource://gre/modules/AsyncShutdown.jsm, line 575: NotFoundError: No such JSWindowActor 'DevToolsFrame'
1650349475716	Marionette	INFO	Stopped listening on port 57038
1650349482639	geckodriver	INFO	Listening on 127.0.0.1:57108
1650349485686	mozrunner::runner	INFO	Running command: "C:\\Program Files\\Mozilla Firefox\\firefox.exe" "--marionette" "--remote-debugging-port" "57109" "--remote-allow-hosts" "localhost" "-no-remote" "-profile" "C:\\Users\\Jet\\AppData\\Local\\Temp\\rust_mozprofilemxzr6b"
1650349486125	Marionette	INFO	Marionette enabled
console.warn: SearchSettings: "get: No settings file exists, new profile?" (new NotFoundError("Could not open the file at C:\\Users\\Jet\\AppData\\Local\\Temp\\rust_mozprofilemxzr6b\\search.json.mozlz4", (void 0)))
DevTools listening on ws://localhost:57109/devtools/browser/667c5689-a275-4d8b-851c-3e5ec08cd1b1
1650349488542	Marionette	INFO	Listening on port 57135
Read port: 57135
1650349488605	RemoteAgent	WARN	TLS certificate errors will be ignored for this session
1650349492406	Marionette	WARN	TimedPromise timed out after 500 ms: stacktrace:
TimedPromise/<@chrome://remote/content/marionette/sync.js:235:19
TimedPromise@chrome://remote/content/marionette/sync.js:220:10
interaction.flushEventLoop@chrome://remote/content/marionette/interaction.js:431:10
webdriverClickElement@chrome://remote/content/marionette/interaction.js:179:31
1650349493136	Marionette	WARN	TimedPromise timed out after 500 ms: stacktrace:
TimedPromise/<@chrome://remote/content/marionette/sync.js:235:19
TimedPromise@chrome://remote/content/marionette/sync.js:220:10
interaction.flushEventLoop@chrome://remote/content/marionette/interaction.js:431:10
webdriverClickElement@chrome://remote/content/marionette/interaction.js:179:31
1650349493863	Marionette	WARN	TimedPromise timed out after 500 ms: stacktrace:
TimedPromise/<@chrome://remote/content/marionette/sync.js:235:19
TimedPromise@chrome://remote/content/marionette/sync.js:220:10
interaction.flushEventLoop@chrome://remote/content/marionette/interaction.js:431:10
webdriverClickElement@chrome://remote/content/marionette/interaction.js:179:31
1650349494595	Marionette	WARN	TimedPromise timed out after 500 ms: stacktrace:
TimedPromise/<@chrome://remote/content/marionette/sync.js:235:19
TimedPromise@chrome://remote/content/marionette/sync.js:220:10
interaction.flushEventLoop@chrome://remote/content/marionette/interaction.js:431:10
webdriverClickElement@chrome://remote/content/marionette/interaction.js:179:31
1650349555594	Marionette	INFO	Stopped listening on port 57131650349556231	mozrunner::runner	INFO	Running command: "C:\\Program Files\\Mozilla Firefox\\firefox.exe" "--marionette" "--remote-debugging-port" "57183" "--remote-allow-hosts" "localhost" "-no-remote" "-profile" "C:\\Users\\Jet\\AppData\\Local\\Temp\\rust_mozprofile2MPgdc"
1650349556634	Marionette	INFO	Marionette enabled
console.warn: SearchSettings: "get: No settings file exists, new profile?" (new NotFoundError("Could not open the file at C:\\Users\\Jet\\AppData\\Local\\Temp\\rust_mozprofile2MPgdc\\search.json.mozlz4", (void 0)))
DevTools listening on ws://localhost:57183/devtools/browser/71a7f4ee-adb4-4af5-9816-fc2901b96c59
1650349559125	Marionette	INFO	Listening on port 57209
Read port: 57209
1650349559182	RemoteAgent	WARN	TLS certificate errors will be ignored for this session
1650349828657	Marionette	INFO	Stopped listening on port 57201650349828937	mozrunner::runner	INFO	Running command: "C:\\Program Files\\Mozilla Firefox\\firefox.exe" "--marionette" "--remote-debugging-port" "57298" "--remote-allow-hosts" "localhost" "-no-remote" "-profile" "C:\\Users\\Jet\\AppData\\Local\\Temp\\rust_mozprofileERJltI"
1650349829426	Marionette	INFO	Marionette enabled
console.warn: SearchSettings: "get: No settings file exists, new profile?" (new NotFoundError("Could not open the file at C:\\Users\\Jet\\AppData\\Local\\Temp\\rust_mozprofileERJltI\\search.json.mozlz4", (void 0)))
DevTools listening on ws://localhost:57298/devtools/browser/6282aa37-7b6e-415b-8521-503fbf885743
1650349831983	Marionette	INFO	Listening on port 57321
Read port: 57321
1650349832090	RemoteAgent	WARN	TLS certificate errors will be ignored for this session
console.error: (new TypeError("container.node.targetFront is null", "resource://devtools/client/inspector/markup/markup.js", 2320))
JavaScript error: resource://gre/modules/AsyncShutdown.jsm, line 575: NotFoundError: No such JSWindowActor 'DevToolsFrame'
1650349949844	Marionette	INFO	Stopped listening on port 57321
console.warn: TopSitesFeed: Failed to fetch data from Contile server: NetworkError when attempting to fetch resource.

###!!! [Parent][PGPUParent] Error: RunMessage(msgname=PGPU::Msg_ShutdownVR) Channel closing: too late to send/recv, messages will be lost

1650349952215	geckodriver	INFO	Listening on 127.0.0.1:57392
1650349955266	mozrunner::runner	INFO	Running command: "C:\\Program Files\\Mozilla Firefox\\firefox.exe" "--marionette" "--remote-debugging-port" "57393" "--remote-allow-hosts" "localhost" "-no-remote" "-profile" "C:\\Users\\Jet\\AppData\\Local\\Temp\\rust_mozprofileqUnvHZ"
1650349955605	Marionette	INFO	Marionette enabled
console.warn: SearchSettings: "get: No settings file exists, new profile?" (new NotFoundError("Could not open the file at C:\\Users\\Jet\\AppData\\Local\\Temp\\rust_mozprofileqUnvHZ\\search.json.mozlz4", (void 0)))
DevTools listening on ws://localhost:57393/devtools/browser/a22fa055-f279-4ab0-a9a6-99cab0bcbab0
1650349957983	Marionette	INFO	Listening on port 57415
Read port: 57415
1650349958098	RemoteAgent	WARN	TLS certificate errors will be ignored for this session
JavaScript error: , line 0: NS_ERROR_NOT_AVAILABLE
1650352743879	Marionette	INFO	Stopped listening on port 57415
console.warn: TopSitesFeed: Failed to fetch data from Contile server: NetworkError when attempting to fetch resource.

###!!! [Parent][PGPUParent] Error: RunMessage(msgname=PGPU::Msg_ShutdownVR) Channel closing: too late to send/recv, messages will be lost

1650357600718	geckodriver	INFO	Listening on 127.0.0.1:56886
1650357603820	mozrunner::runner	INFO	Running command: "C:\\Program Files\\Mozilla Firefox\\firefox.exe" "--marionette" "--remote-debugging-port" "56887" "--remote-allow-hosts" "localhost" "-no-remote" "-profile" "C:\\Users\\Jet\\AppData\\Local\\Temp\\rust_mozprofilef2A6Ax"
1650357604133	Marionette	INFO	Marionette enabled
console.warn: SearchSettings: "get: No settings file exists, new profile?" (new NotFoundError("Could not open the file at C:\\Users\\Jet\\AppData\\Local\\Temp\\rust_mozprofilef2A6Ax\\search.json.mozlz4", (void 0)))
DevTools listening on ws://localhost:56887/devtools/browser/7053f7ad-e88b-4d6f-91a6-da1a7bd8df82
1650357606138	Marionette	INFO	Listening on port 56917
Read port: 56917
1650357606170	RemoteAgent	WARN	TLS certificate errors will be ignored for this session
JavaScript error: resource://gre/modules/AsyncShutdown.jsm, line 575: NotFoundError: No such JSWindowActor 'DevToolsFrame'
1650357914472	Marionette	INFO	Stopped listening on port 56917
1650357917201	geckodriver	INFO	Listening on 127.0.0.1:57135
1650357920272	mozrunner::runner	INFO	Running command: "C:\\Program Files\\Mozilla Firefox\\firefox.exe" "--marionette" "--remote-debugging-port" "57136" "--remote-allow-hosts" "localhost" "-no-remote" "-profile" "C:\\Users\\Jet\\AppData\\Local\\Temp\\rust_mozprofileXQpkPF"
1650357920597	Marionette	INFO	Marionette enabled
console.warn: SearchSettings: "get: No settings file exists, new profile?" (new NotFoundError("Could not open the file at C:\\Users\\Jet\\AppData\\Local\\Temp\\rust_mozprofileXQpkPF\\search.json.mozlz4", (void 0)))
DevTools listening on ws://localhost:57136/devtools/browser/b7518d12-209c-44d7-94fb-632fb0bc8763
1650357922652	Marionette	INFO	Listening on port 57163
Read port: 57163
1650357922725	RemoteAgent	WARN	TLS certificate errors will be ignored for this session
1650358402728	Marionette	INFO	Stopped listening on port 57161650358403164	mozrunner::runner	INFO	Running command: "C:\\Program Files\\Mozilla Firefox\\firefox.exe" "--marionette" "--remote-debugging-port" "57551" "--remote-allow-hosts" "localhost" "-no-remote" "-profile" "C:\\Users\\Jet\\AppData\\Local\\Temp\\rust_mozprofilezCjJNJ"
1650358403449	Marionette	INFO	Marionette enabled
console.warn: SearchSettings: "get: No settings file exists, new profile?" (new NotFoundError("Could not open the file at C:\\Users\\Jet\\AppData\\Local\\Temp\\rust_mozprofilezCjJNJ\\search.json.mozlz4", (void 0)))
DevTools listening on ws://localhost:57551/devtools/browser/fda4c341-4daf-468f-9bd7-35656b8576ea
1650358405570	Marionette	INFO	Listening on port 57578
Read port: 57578
1650358405632	RemoteAgent	WARN	TLS certificate errors will be ignored for this session
JavaScript error: , line 0: NS_ERROR_NOT_AVAILABLE
1650369794504	Marionette	INFO	Stopped listening on port 57578
console.warn: TopSitesFeed: Failed to fetch data from Contile server: NetworkError when attempting to fetch resource.

###!!! [Parent][PGPUParent] Error: RunMessage(msgname=PGPU::Msg_ShutdownVR) Channel closing: too late to send/recv, messages will be lost

1650382537135	geckodriver	INFO	Listening on 127.0.0.1:58876
1650382540173	mozrunner::runner	INFO	Running command: "C:\\Program Files\\Mozilla Firefox\\firefox.exe" "--marionette" "--remote-debugging-port" "58877" "--remote-allow-hosts" "localhost" "-no-remote" "-profile" "C:\\Users\\Jet\\AppData\\Local\\Temp\\rust_mozprofileF2QQ9q"
1650382540829	Marionette	INFO	Marionette enabled
console.warn: SearchSettings: "get: No settings file exists, new profile?" (new NotFoundError("Could not open the file at C:\\Users\\Jet\\AppData\\Local\\Temp\\rust_mozprofileF2QQ9q\\search.json.mozlz4", (void 0)))
DevTools listening on ws://localhost:58877/devtools/browser/028c4b46-13c3-4c62-9148-c59c34f25a2f
1650382543273	Marionette	INFO	Listening on port 58903
Read port: 58903
1650382543403	RemoteAgent	WARN	TLS certificate errors will be ignored for this session
1650382561511	Marionette	WARN	Ignoring event 'DOMContentLoaded' because document has an invalid readyState of 'complete'.
1650382571774	Marionette	INFO	Stopped listening on port 58903
console.warn: TopSitesFeed: Failed to fetch data from Contile server: NetworkError when attempting to fetch resource.

###!!! [Parent][PGPUParent] Error: RunMessage(msgname=PGPU::Msg_ShutdownVR) Channel closing: too late to send/recv, messages will be lost

1650382576742	geckodriver	INFO	Listening on 127.0.0.1:58948
1650382579784	mozrunner::runner	INFO	Running command: "C:\\Program Files\\Mozilla Firefox\\firefox.exe" "--marionette" "--remote-debugging-port" "58949" "--remote-allow-hosts" "localhost" "-no-remote" "-profile" "C:\\Users\\Jet\\AppData\\Local\\Temp\\rust_mozprofileGSocnE"
1650382580163	Marionette	INFO	Marionette enabled
console.warn: SearchSettings: "get: No settings file exists, new profile?" (new NotFoundError("Could not open the file at C:\\Users\\Jet\\AppData\\Local\\Temp\\rust_mozprofileGSocnE\\search.json.mozlz4", (void 0)))
DevTools listening on ws://localhost:58949/devtools/browser/9b8fbead-f651-4efe-9244-d82673c6c36b
1650382582232	Marionette	INFO	Listening on port 58969
Read port: 58969
1650382582362	RemoteAgent	WARN	TLS certificate errors will be ignored for this session
1650383188420	Marionette	INFO	Stopped listening on port 58969
console.warn: TopSitesFeed: Failed to fetch data from Contile server: NetworkError when attempting to fetch resource.
[Parent 7152, IPC I/O Parent] WARNING: file /builds/worker/checkouts/gecko/ipc/chromium/src/base/process_util_win.cc:167
\Temp\\rust_mozprofilezgCJDr"
1650382622173	Marionette	INFO	Marionette enabled
console.warn: SearchSettings: "get: No settings file exists, new profile?" (new NotFoundError("Could not open the file at C:\\Users\\Jet\\AppData\\Local\\Temp\\rust_mozprofilezgCJDr\\search.json.mozlz4", (void 0)))
DevTools listening on ws://localhost:59017/devtools/browser/43bef0e5-a64e-4fec-bc02-13942f7d6d52
1650382624413	Marionette	INFO	Listening on port 59037
Read port: 59037
1650382624475	RemoteAgent	WARN	TLS certificate errors will be ignored for this session
1650383187580	Marionette	INFO	Stopped listening on port 59037
console.warn: TopSitesFeed: Failed to fetch data from Contile server: NetworkError when attempting to fetch resource.
remote-debugging-port" "59086" "--remote-allow-hosts" "localhost" "-no-remote" "-profile" "C:\\Users\\Jet\\AppData\\Local\\Temp\\rust_mozprofileJUtgcc"
1650382669495	Marionette	INFO	Marionette enabled
console.warn: SearchSettings: "get: No settings file exists, new profile?" (new NotFoundError("Could not open the file at C:\\Users\\Jet\\AppData\\Local\\Temp\\rust_mozprofileJUtgcc\\search.json.mozlz4", (void 0)))
DevTools listening on ws://localhost:59086/devtools/browser/7f2385a6-14fe-4611-83f1-56424c0521bf
1650382672337	Marionette	INFO	Listening on port 59107
Read port: 59107
1650382672460	RemoteAgent	WARN	TLS certificate errors will be ignored for this session
1650383186306	Marionette	INFO	Stopped listening on port 59107
console.warn: TopSitesFeed: Failed to fetch data from Contile server: NetworkError when attempting to fetch resource.

###!!! [Parent][PGPUParent] Error: RunMessage(msgname=PGPU::Msg_ShutdownVR) Channel closing: too late to send/recv, messages will be lost

eLWm3pw"
1650382748555	Marionette	INFO	Marionette enabled
console.warn: SearchSettings: "get: No settings file exists, new profile?" (new NotFoundError("Could not open the file at C:\\Users\\Jet\\AppData\\Local\\Temp\\rust_mozprofileLWm3pw\\search.json.mozlz4", (void 0)))
DevTools listening on ws://localhost:59166/devtools/browser/956e87f9-0e32-4329-b219-f191fc30f463
1650382751830	Marionette	INFO	Listening on port 59188
Read port: 59188
1650382751923	RemoteAgent	WARN	TLS certificate errors will be ignored for this session
1650383185430	Marionette	INFO	Stopped listening on port 59188
console.warn: TopSitesFeed: Failed to fetch data from Contile server: NetworkError when attempting to fetch resource.

###!!! [Parent][PGPUParent] Error: RunMessage(msgname=PGPU::Msg_ShutdownVR) Channel closing: too late to send/recv, messages will be lost

edCemnu"
1650383140050	Marionette	INFO	Marionette enabled
console.warn: SearchSettings: "get: No settings file exists, new profile?" (new NotFoundError("Could not open the file at C:\\Users\\Jet\\AppData\\Local\\Temp\\rust_mozprofiledCemnu\\search.json.mozlz4", (void 0)))
DevTools listening on ws://localhost:59384/devtools/browser/3548e83b-48a9-4aec-8cdf-870d776fc542
1650383142457	Marionette	INFO	Listening on port 59410
Read port: 59410
1650383142513	RemoteAgent	WARN	TLS certificate errors will be ignored for this session
1650383184814	Marionette	INFO	Stopped listening on port 59411650383185064	mozrunner::runner	INFO	Running command: "C:\\Program Files\\Mozilla Firefox\\firefox.exe" "--marionette" "--remote-debugging-port" "59463" "--remote-allow-hosts" "localhost" "-no-remote" "-profile" "C:\\Users\\Jet\\AppData\\Local\\Temp\\rust_mozprofileXsXyvO"
1650383185420	Marionette	INFO	Marionette enabled
console.warn: SearchSettings: "get: No settings file exists, new profile?" (new NotFoundError("Could not open the file at C:\\Users\\Jet\\AppData\\Local\\Temp\\rust_mozprofileXsXyvO\\search.json.mozlz4", (void 0)))
DevTools listening on ws://localhost:59463/devtools/browser/991aeff2-a7b8-46c8-b104-64d4c795f213
1650383187923	Marionette	INFO	Listening on port 59486
Read port: 59486
1650383188090	RemoteAgent	WARN	TLS certificate errors will be ignored for this session
1650383192050	Marionette	WARN	TimedPromise timed out after 500 ms: stacktrace:
TimedPromise/<@chrome://remote/content/marionette/sync.js:235:19
TimedPromise@chrome://remote/content/marionette/sync.js:220:10
interaction.flushEventLoop@chrome://remote/content/marionette/interaction.js:431:10
webdriverClickElement@chrome://remote/content/marionette/interaction.js:179:31
1650383700520	Marionette	INFO	Stopped listening on port 59486
console.warn: TopSitesFeed: Failed to fetch data from Contile server: NetworkError when attempting to fetch resource.
remote-debugging-port" "59632" "--remote-allow-hosts" "localhost" "-no-remote" "-profile" "C:\\Users\\Jet\\AppData\\Local\\Temp\\rust_mozprofile5q1DzP"
1650383672418	Marionette	INFO	Marionette enabled
console.warn: SearchSettings: "get: No settings file exists, new profile?" (new NotFoundError("Could not open the file at C:\\Users\\Jet\\AppData\\Local\\Temp\\rust_mozprofile5q1DzP\\search.json.mozlz4", (void 0)))
DevTools listening on ws://localhost:59632/devtools/browser/9fb63a2e-333d-42f7-a516-ee6066e90e65
1650383674429	Marionette	INFO	Listening on port 59653
Read port: 59653
1650383674535	RemoteAgent	WARN	TLS certificate errors will be ignored for this session
1650383699776	Marionette	INFO	Stopped listening on port 59653
console.warn: TopSitesFeed: Failed to fetch data from Contile server: NetworkError when attempting to fetch resource.
1650383702460	geckodriver	INFO	Listening on 127.0.0.1:59707
1650383705527	mozrunner::runner	INFO	Running command: "C:\\Program Files\\Mozilla Firefox\\firefox.exe" "--marionette" "--remote-debugging-port" "59708" "--remote-allow-hosts" "localhost" "-no-remote" "-profile" "C:\\Users\\Jet\\AppData\\Local\\Temp\\rust_mozprofileEWlQ2w"
1650383705851	Marionette	INFO	Marionette enabled
console.warn: SearchSettings: "get: No settings file exists, new profile?" (new NotFoundError("Could not open the file at C:\\Users\\Jet\\AppData\\Local\\Temp\\rust_mozprofileEWlQ2w\\search.json.mozlz4", (void 0)))
DevTools listening on ws://localhost:59708/devtools/browser/d5d2e90d-ddf7-4dfe-affd-4e1038ead3a7
1650383708053	Marionette	INFO	Listening on port 59733
Read port: 59733
1650383708170	RemoteAgent	WARN	TLS certificate errors will be ignored for this session
JavaScript error: , line 0: NS_ERROR_NOT_AVAILABLE
1650384640938	Marionette	INFO	Stopped listening on port 59733
console.warn: TopSitesFeed: Failed to fetch data from Contile server: NetworkError when attempting to fetch resource.
1650384999033	geckodriver	INFO	Listening on 127.0.0.1:56124
1650385002114	mozrunner::runner	INFO	Running command: "C:\\Program Files\\Mozilla Firefox\\firefox.exe" "--marionette" "--remote-debugging-port" "56125" "--remote-allow-hosts" "localhost" "-no-remote" "-profile" "C:\\Users\\Jet\\AppData\\Local\\Temp\\rust_mozprofile2rGL1t"
1650385002402	Marionette	INFO	Marionette enabled
console.warn: SearchSettings: "get: No settings file exists, new profile?" (new NotFoundError("Could not open the file at C:\\Users\\Jet\\AppData\\Local\\Temp\\rust_mozprofile2rGL1t\\search.json.mozlz4", (void 0)))
DevTools listening on ws://localhost:56125/devtools/browser/3a9ae669-0b52-428c-ae99-541f8c75f437
1650385004432	Marionette	INFO	Listening on port 56154
Read port: 56154
1650385004455	RemoteAgent	WARN	TLS certificate errors will be ignored for this session
1650385293799	Marionette	INFO	Stopped listening on port 56154
console.warn: TopSitesFeed: Failed to fetch data from Contile server: NetworkError when attempting to fetch resource.
remote-debugging-port" "56216" "--remote-allow-hosts" "localhost" "-no-remote" "-profile" "C:\\Users\\Jet\\AppData\\Local\\Temp\\rust_mozprofiletm0T3x"
1650385055272	Marionette	INFO	Marionette enabled
console.warn: SearchSettings: "get: No settings file exists, new profile?" (new NotFoundError("Could not open the file at C:\\Users\\Jet\\AppData\\Local\\Temp\\rust_mozprofiletm0T3x\\search.json.mozlz4", (void 0)))
DevTools listening on ws://localhost:56216/devtools/browser/82ad1dae-16c1-4d18-8460-9437c1600c8b
1650385057182	Marionette	INFO	Listening on port 56236
Read port: 56236
1650385057230	RemoteAgent	WARN	TLS certificate errors will be ignored for this session
1650385293071	Marionette	INFO	Stopped listening on port 56236
console.warn: TopSitesFeed: Failed to fetch data from Contile server: NetworkError when attempting to fetch resource.
remote-debugging-port" "56295" "--remote-allow-hosts" "localhost" "-no-remote" "-profile" "C:\\Users\\Jet\\AppData\\Local\\Temp\\rust_mozprofilekVooBR"
1650385077618	Marionette	INFO	Marionette enabled
console.warn: SearchSettings: "get: No settings file exists, new profile?" (new NotFoundError("Could not open the file at C:\\Users\\Jet\\AppData\\Local\\Temp\\rust_mozprofilekVooBR\\search.json.mozlz4", (void 0)))
DevTools listening on ws://localhost:56295/devtools/browser/9804ca6a-45a5-4540-a1ff-9b53a0fb35a1
1650385079575	Marionette	INFO	Listening on port 56320
Read port: 56320
1650385079679	RemoteAgent	WARN	TLS certificate errors will be ignored for this session
1650385290988	Marionette	INFO	Stopped listening on port 56320
console.warn: TopSitesFeed: Failed to fetch data from Contile server: NetworkError when attempting to fetch resource.
1650385481696	geckodriver	INFO	Listening on 127.0.0.1:51396
1650385484792	mozrunner::runner	INFO	Running command: "C:\\Program Files\\Mozilla Firefox\\firefox.exe" "--marionette" "--remote-debugging-port" "51397" "--remote-allow-hosts" "localhost" "-no-remote" "-profile" "C:\\Users\\Jet\\AppData\\Local\\Temp\\rust_mozprofile74gdLM"
1650385485165	Marionette	INFO	Marionette enabled
console.warn: SearchSettings: "get: No settings file exists, new profile?" (new NotFoundError("Could not open the file at C:\\Users\\Jet\\AppData\\Local\\Temp\\rust_mozprofile74gdLM\\search.json.mozlz4", (void 0)))
DevTools listening on ws://localhost:51397/devtools/browser/5cb76d57-4fa8-43f3-9ce7-d6b33905d569
1650385487569	Marionette	INFO	Listening on port 51421
Read port: 51421
1650385487645	RemoteAgent	WARN	TLS certificate errors will be ignored for this session
1650385499791	Marionette	WARN	Ignoring event 'DOMContentLoaded' because document has an invalid readyState of 'complete'.
1650385807841	Marionette	INFO	Stopped listening on port 51421
console.warn: TopSitesFeed: Failed to fetch data from Contile server: NetworkError when attempting to fetch resource.

###!!! [Parent][PGPUParent] Error: RunMessage(msgname=PGPU::Msg_ShutdownVR) Channel closing: too late to send/recv, messages will be lost

e2NR2zG"
1650385804330	Marionette	INFO	Marionette enabled
console.warn: SearchSettings: "get: No settings file exists, new profile?" (new NotFoundError("Could not open the file at C:\\Users\\Jet\\AppData\\Local\\Temp\\rust_mozprofile2NR2zG\\search.json.mozlz4", (void 0)))
DevTools listening on ws://localhost:51606/devtools/browser/62c3b65f-ad2f-4efa-abb2-9e04f26f4a71
1650385806294	Marionette	INFO	Listening on port 51629
Read port: 51629
1650385806372	RemoteAgent	WARN	TLS certificate errors will be ignored for this session
1650385925138	Marionette	INFO	Stopped listening on port 51629
console.warn: TopSitesFeed: Failed to fetch data from Contile server: NetworkError when attempting to fetch resource.

###!!! [Parent][PGPUParent] Error: RunMessage(msgname=PGPU::Msg_ShutdownVR) Channel closing: too late to send/recv, messages will be lost

eVD6ZEs"
1650385924255	Marionette	INFO	Marionette enabled
console.warn: SearchSettings: "get: No settings file exists, new profile?" (new NotFoundError("Could not open the file at C:\\Users\\Jet\\AppData\\Local\\Temp\\rust_mozprofileVD6ZEs\\search.json.mozlz4", (void 0)))
DevTools listening on ws://localhost:51726/devtools/browser/fb2162dd-287a-478c-aafb-fb0bd05cf355
1650385926900	Marionette	INFO	Listening on port 51745
Read port: 51745
1650385926971	RemoteAgent	WARN	TLS certificate errors will be ignored for this session
1650386355531	Marionette	INFO	Stopped listening on port 51745
console.warn: TopSitesFeed: Failed to fetch data from Contile server: NetworkError when attempting to fetch resource.
remote-debugging-port" "60911" "--remote-allow-hosts" "localhost" "-no-remote" "-profile" "C:\\Users\\Jet\\AppData\\Local\\Temp\\rust_mozprofileZULo1W"
1650386262154	Marionette	INFO	Marionette enabled
console.warn: SearchSettings: "get: No settings file exists, new profile?" (new NotFoundError("Could not open the file at C:\\Users\\Jet\\AppData\\Local\\Temp\\rust_mozprofileZULo1W\\search.json.mozlz4", (void 0)))
DevTools listening on ws://localhost:60911/devtools/browser/5af6112a-1366-47cd-8837-5480fcdf9070
1650386264758	Marionette	INFO	Listening on port 60933
Read port: 60933
1650386264865	RemoteAgent	WARN	TLS certificate errors will be ignored for this session
JavaScript error: , line 0: NS_ERROR_NOT_AVAILABLE
1650387325691	Marionette	INFO	Stopped listening on port 60933
console.warn: TopSitesFeed: Failed to fetch data from Contile server: NetworkError when attempting to fetch resource.

###!!! [Parent][PGPUParent] Error: RunMessage(msgname=PGPU::Msg_ShutdownVR) Channel closing: too late to send/recv, messages will be lost

abled
console.warn: SearchSettings: "get: No settings file exists, new profile?" (new NotFoundError("Could not open the file at C:\\Users\\Jet\\AppData\\Local\\Temp\\rust_mozprofilegm2G92\\search.json.mozlz4", (void 0)))
DevTools listening on ws://localhost:61414/devtools/browser/84c4f5d6-705d-4253-9845-f4ab20fc60b0
1650386996998	Marionette	INFO	Listening on port 61434
Read port: 61434
1650386997035	RemoteAgent	WARN	TLS certificate errors will be ignored for this session
1650387176422	Marionette	INFO	Stopped listening on port 61434
console.warn: TopSitesFeed: Failed to fetch data from Contile server: NetworkError when attempting to fetch resource.
1650387290340	geckodriver	INFO	Listening on 127.0.0.1:61577
1650387293404	mozrunner::runner	INFO	Running command: "C:\\Program Files\\Mozilla Firefox\\firefox.exe" "--marionette" "--remote-debugging-port" "61578" "--remote-allow-hosts" "localhost" "-no-remote" "-profile" "C:\\Users\\Jet\\AppData\\Local\\Temp\\rust_mozprofile46hhSR"
1650387293688	Marionette	INFO	Marionette enabled
console.warn: SearchSettings: "get: No settings file exists, new profile?" (new NotFoundError("Could not open the file at C:\\Users\\Jet\\AppData\\Local\\Temp\\rust_mozprofile46hhSR\\search.json.mozlz4", (void 0)))
DevTools listening on ws://localhost:61578/devtools/browser/164ed6a8-4769-41f5-9b8e-ec129aaec6a0
1650387295631	Marionette	INFO	Listening on port 61598
Read port: 61598
1650387295753	RemoteAgent	WARN	TLS certificate errors will be ignored for this session
1650387328272	Marionette	WARN	Ignoring event 'DOMContentLoaded' because document has an invalid readyState of 'complete'.
1650387346742	Marionette	INFO	Stopped listening on port 61598
console.warn: TopSitesFeed: Failed to fetch data from Contile server: NetworkError when attempting to fetch resource.

###!!! [Parent][PGPUParent] Error: RunMessage(msgname=PGPU::Msg_ShutdownVR) Channel closing: too late to send/recv, messages will be lost

1650387350426	geckodriver	INFO	Listening on 127.0.0.1:61656
1650387353469	mozrunner::runner	INFO	Running command: "C:\\Program Files\\Mozilla Firefox\\firefox.exe" "--marionette" "--remote-debugging-port" "61657" "--remote-allow-hosts" "localhost" "-no-remote" "-profile" "C:\\Users\\Jet\\AppData\\Local\\Temp\\rust_mozprofileUBscOe"
1650387353743	Marionette	INFO	Marionette enabled
console.warn: SearchSettings: "get: No settings file exists, new profile?" (new NotFoundError("Could not open the file at C:\\Users\\Jet\\AppData\\Local\\Temp\\rust_mozprofileUBscOe\\search.json.mozlz4", (void 0)))
DevTools listening on ws://localhost:61657/devtools/browser/c5623038-e8cf-4f45-98eb-8b1fad898573
1650387355651	Marionette	INFO	Listening on port 61679
Read port: 61679
1650387355708	RemoteAgent	WARN	TLS certificate errors will be ignored for this session
JavaScript error: , line 0: NS_ERROR_NOT_AVAILABLE
1650388767392	geckodriver	INFO	Listening on 127.0.0.1:56887
1650388770446	mozrunner::runner	INFO	Running command: "C:\\Program Files\\Mozilla Firefox\\firefox.exe" "--marionette" "--remote-debugging-port" "56888" "--remote-allow-hosts" "localhost" "-no-remote" "-profile" "C:\\Users\\Jet\\AppData\\Local\\Temp\\rust_mozprofile6AG9c5"
1650388770717	Marionette	INFO	Marionette enabled
console.warn: SearchSettings: "get: No settings file exists, new profile?" (new NotFoundError("Could not open the file at C:\\Users\\Jet\\AppData\\Local\\Temp\\rust_mozprofile6AG9c5\\search.json.mozlz4", (void 0)))
DevTools listening on ws://localhost:56888/devtools/browser/0dfc50af-bb07-4019-8004-6766a224f986
1650388772766	Marionette	INFO	Listening on port 56909
Read port: 56909
1650388772794	RemoteAgent	WARN	TLS certificate errors will be ignored for this session
1650430864895	geckodriver	INFO	Listening on 127.0.0.1:49378
1650430867961	mozrunner::runner	INFO	Running command: "C:\\Program Files\\Mozilla Firefox\\firefox.exe" "--marionette" "--remote-debugging-port" "49379" "--remote-allow-hosts" "localhost" "-no-remote" "-profile" "C:\\Users\\Jet\\AppData\\Local\\Temp\\rust_mozprofileGNdJLu"
1650430869130	Marionette	INFO	Marionette enabled
console.warn: SearchSettings: "get: No settings file exists, new profile?" (new NotFoundError("Could not open the file at C:\\Users\\Jet\\AppData\\Local\\Temp\\rust_mozprofileGNdJLu\\search.json.mozlz4", (void 0)))
DevTools listening on ws://localhost:49379/devtools/browser/43025dba-d455-42cb-9c39-5e89f10c5b19
1650430871905	Marionette	INFO	Listening on port 49402
Read port: 49402
1650430871976	RemoteAgent	WARN	TLS certificate errors will be ignored for this session
JavaScript error: , line 0: NS_ERROR_NOT_AVAILABLE
1650432147765	Marionette	INFO	Stopped listening on port 49402
console.warn: TopSitesFeed: Failed to fetch data from Contile server: NetworkError when attempting to fetch resource.
1650432197057	geckodriver	INFO	Listening on 127.0.0.1:49530
1650432200116	mozrunner::runner	INFO	Running command: "C:\\Program Files\\Mozilla Firefox\\firefox.exe" "--marionette" "--remote-debugging-port" "49531" "--remote-allow-hosts" "localhost" "-no-remote" "-profile" "C:\\Users\\Jet\\AppData\\Local\\Temp\\rust_mozprofileHxU5HB"
1650432200581	Marionette	INFO	Marionette enabled
console.warn: SearchSettings: "get: No settings file exists, new profile?" (new NotFoundError("Could not open the file at C:\\Users\\Jet\\AppData\\Local\\Temp\\rust_mozprofileHxU5HB\\search.json.mozlz4", (void 0)))
DevTools listening on ws://localhost:49531/devtools/browser/ebb196e3-ac85-4828-a1bb-c73318b09593
1650432202668	Marionette	INFO	Listening on port 49552
Read port: 49552
1650432202791	RemoteAgent	WARN	TLS certificate errors will be ignored for this session
JavaScript error: , line 0: NS_ERROR_NOT_AVAILABLE
1650433926462	Marionette	INFO	Stopped listening on port 49552
console.warn: TopSitesFeed: Failed to fetch data from Contile server: NetworkError when attempting to fetch resource.
1650433942312	geckodriver	INFO	Listening on 127.0.0.1:50200
1650433945363	mozrunner::runner	INFO	Running command: "C:\\Program Files\\Mozilla Firefox\\firefox.exe" "--marionette" "--remote-debugging-port" "50201" "--remote-allow-hosts" "localhost" "-no-remote" "-profile" "C:\\Users\\Jet\\AppData\\Local\\Temp\\rust_mozprofilev0OJhG"
1650433945690	Marionette	INFO	Marionette enabled
console.warn: SearchSettings: "get: No settings file exists, new profile?" (new NotFoundError("Could not open the file at C:\\Users\\Jet\\AppData\\Local\\Temp\\rust_mozprofilev0OJhG\\search.json.mozlz4", (void 0)))
DevTools listening on ws://localhost:50201/devtools/browser/a7c3d7cd-a2d0-452b-ac7a-72ecbc55eec8
1650433947678	Marionette	INFO	Listening on port 50226
Read port: 50226
1650433947729	RemoteAgent	WARN	TLS certificate errors will be ignored for this session
JavaScript error: , line 0: NS_ERROR_NOT_AVAILABLE
1650436023931	Marionette	INFO	Stopped listening on port 50226
console.warn: TopSitesFeed: Failed to fetch data from Contile server: NetworkError when attempting to fetch resource.

###!!! [Parent][PGPUParent] Error: RunMessage(msgname=PGPU::Msg_ShutdownVR) Channel closing: too late to send/recv, messages will be lost

epWGSOV"
1650436021381	Marionette	INFO	Marionette enabled
console.warn: SearchSettings: "get: No settings file exists, new profile?" (new NotFoundError("Could not open the file at C:\\Users\\Jet\\AppData\\Local\\Temp\\rust_mozprofilepWGSOV\\search.json.mozlz4", (void 0)))
DevTools listening on ws://localhost:53645/devtools/browser/b4a29c23-cabf-4598-893a-6f91dca240d2
1650436023536	Marionette	INFO	Listening on port 53668
Read port: 53668
1650436023579	RemoteAgent	WARN	TLS certificate errors will be ignored for this session
1650436055275	Marionette	INFO	Stopped listening on port 53668
console.warn: TopSitesFeed: Failed to fetch data from Contile server: NetworkError when attempting to fetch resource.
remote-debugging-port" "53719" "--remote-allow-hosts" "localhost" "-no-remote" "-profile" "C:\\Users\\Jet\\AppData\\Local\\Temp\\rust_mozprofilelLJkul"
1650436051908	Marionette	INFO	Marionette enabled
console.warn: SearchSettings: "get: No settings file exists, new profile?" (new NotFoundError("Could not open the file at C:\\Users\\Jet\\AppData\\Local\\Temp\\rust_mozprofilelLJkul\\search.json.mozlz4", (void 0)))
DevTools listening on ws://localhost:53719/devtools/browser/4e828102-3ba3-4c29-a85b-f96b1757d4ad
1650436054153	Marionette	INFO	Listening on port 53743
Read port: 53743
1650436054267	RemoteAgent	WARN	TLS certificate errors will be ignored for this session
1650436065482	Marionette	WARN	Ignoring event 'DOMContentLoaded' because document has an invalid readyState of 'complete'.
JavaScript error: , line 0: NS_ERROR_NOT_AVAILABLE
JavaScript error: , line 0: uncaught exception: Sending to DAP went wrong.
1650438610840	Marionette	INFO	Stopped listening on port 53743
console.warn: TopSitesFeed: Failed to fetch data from Contile server: NetworkError when attempting to fetch resource.
1650439072114	geckodriver	INFO	Listening on 127.0.0.1:61899
1650439075185	mozrunner::runner	INFO	Running command: "C:\\Program Files\\Mozilla Firefox\\firefox.exe" "--marionette" "--remote-debugging-port" "61900" "--remote-allow-hosts" "localhost" "-no-remote" "-profile" "C:\\Users\\Jet\\AppData\\Local\\Temp\\rust_mozprofileX4Bs0x"
1650439075602	Marionette	INFO	Marionette enabled
console.warn: SearchSettings: "get: No settings file exists, new profile?" (new NotFoundError("Could not open the file at C:\\Users\\Jet\\AppData\\Local\\Temp\\rust_mozprofileX4Bs0x\\search.json.mozlz4", (void 0)))
DevTools listening on ws://localhost:61900/devtools/browser/dbf9fbdb-6eee-4731-9882-7a55a3ddecc6
1650439077764	Marionette	INFO	Listening on port 61924
Read port: 61924
1650439077879	RemoteAgent	WARN	TLS certificate errors will be ignored for this session
JavaScript error: , line 0: NS_ERROR_NOT_AVAILABLE
1650447560844	Marionette	INFO	Stopped listening on port 61924
console.warn: TopSitesFeed: Failed to fetch data from Contile server: NetworkError when attempting to fetch resource.

###!!! [Parent][PGPUParent] Error: RunMessage(msgname=PGPU::Msg_ShutdownVR) Channel closing: too late to send/recv, messages will be lost

ezTq1e9"
1650441854716	Marionette	INFO	Marionette enabled
console.warn: SearchSettings: "get: No settings file exists, new profile?" (new NotFoundError("Could not open the file at C:\\Users\\Jet\\AppData\\Local\\Temp\\rust_mozprofilezTq1e9\\search.json.mozlz4", (void 0)))
DevTools listening on ws://localhost:62170/devtools/browser/6c185b30-af87-4e2f-b10a-f1f80cf2e1e4
1650441856873	Marionette	INFO	Listening on port 62194
Read port: 62194
1650441856980	RemoteAgent	WARN	TLS certificate errors will be ignored for this session
JavaScript error: , line 0: uncaught exception: Sending to DAP went wrong.
JavaScript error: , line 0: NS_ERROR_NOT_AVAILABLE
1650443775105	Marionette	INFO	Stopped listening on port 62194
console.warn: TopSitesFeed: Failed to fetch data from Contile server: NetworkError when attempting to fetch resource.

###!!! [Parent][PGPUParent] Error: RunMessage(msgname=PGPU::Msg_ShutdownVR) Channel closing: too late to send/recv, messages will be lost

1650443787754	geckodriver	INFO	Listening on 127.0.0.1:59361
1650443790824	mozrunner::runner	INFO	Running command: "C:\\Program Files\\Mozilla Firefox\\firefox.exe" "--marionette" "--remote-debugging-port" "59362" "--remote-allow-hosts" "localhost" "-no-remote" "-profile" "C:\\Users\\Jet\\AppData\\Local\\Temp\\rust_mozprofileTcBZ8b"
1650443791167	Marionette	INFO	Marionette enabled
console.warn: SearchSettings: "get: No settings file exists, new profile?" (new NotFoundError("Could not open the file at C:\\Users\\Jet\\AppData\\Local\\Temp\\rust_mozprofileTcBZ8b\\search.json.mozlz4", (void 0)))
DevTools listening on ws://localhost:59362/devtools/browser/670eebb1-1b17-4501-a0c3-742546509ea4
1650443793137	Marionette	INFO	Listening on port 59386
Read port: 59386
1650443793186	RemoteAgent	WARN	TLS certificate errors will be ignored for this session
JavaScript error: , line 0: uncaught exception: Sending to DAP went wrong.
JavaScript error: , line 0: uncaught exception: Sending to DAP went wrong.
JavaScript error: , line 0: uncaught exception: Sending to DAP went wrong.
JavaScript error: , line 0: NS_ERROR_NOT_AVAILABLE
1650447559525	Marionette	INFO	Stopped listening on port 59386
console.warn: TopSitesFeed: Failed to fetch data from Contile server: NetworkError when attempting to fetch resource.
remote-debugging-port" "59630" "--remote-allow-hosts" "localhost" "-no-remote" "-profile" "C:\\Users\\Jet\\AppData\\Local\\Temp\\rust_mozprofilereUxaf"
1650445359321	Marionette	INFO	Marionette enabled
console.warn: SearchSettings: "get: No settings file exists, new profile?" (new NotFoundError("Could not open the file at C:\\Users\\Jet\\AppData\\Local\\Temp\\rust_mozprofilereUxaf\\search.json.mozlz4", (void 0)))
DevTools listening on ws://localhost:59630/devtools/browser/6f8dd0f1-5e27-42ac-aacc-38209128969b
1650445362014	Marionette	INFO	Listening on port 59649
Read port: 59649
1650445362067	RemoteAgent	WARN	TLS certificate errors will be ignored for this session
1650445406897	Marionette	INFO	Stopped listening on port 59649
console.warn: TopSitesFeed: Failed to fetch data from Contile server: NetworkError when attempting to fetch resource.
1650445411310	geckodriver	INFO	Listening on 127.0.0.1:59694
1650445414369	mozrunner::runner	INFO	Running command: "C:\\Program Files\\Mozilla Firefox\\firefox.exe" "--marionette" "--remote-debugging-port" "59695" "--remote-allow-hosts" "localhost" "-no-remote" "-profile" "C:\\Users\\Jet\\AppData\\Local\\Temp\\rust_mozprofiley92FfE"
1650445414647	Marionette	INFO	Marionette enabled
console.warn: SearchSettings: "get: No settings file exists, new profile?" (new NotFoundError("Could not open the file at C:\\Users\\Jet\\AppData\\Local\\Temp\\rust_mozprofiley92FfE\\search.json.mozlz4", (void 0)))
DevTools listening on ws://localhost:59695/devtools/browser/75762835-def2-4355-99e0-b40901846805
1650445416750	Marionette	INFO	Listening on port 59715
Read port: 59715
1650445416853	RemoteAgent	WARN	TLS certificate errors will be ignored for this session
JavaScript error: , line 0: NS_ERROR_NOT_AVAILABLE
1650447561801	Marionette	INFO	Stopped listening on port 59715
console.warn: TopSitesFeed: Failed to fetch data from Contile server: NetworkError when attempting to fetch resource.

###!!! [Parent][PGPUParent] Error: RunMessage(msgname=PGPU::Msg_ShutdownVR) Channel closing: too late to send/recv, messages will be lost

1650447850224	geckodriver	INFO	Listening on 127.0.0.1:52092
1650447853256	mozrunner::runner	INFO	Running command: "C:\\Program Files\\Mozilla Firefox\\firefox.exe" "--marionette" "--remote-debugging-port" "52093" "--remote-allow-hosts" "localhost" "-no-remote" "-profile" "C:\\Users\\Jet\\AppData\\Local\\Temp\\rust_mozprofileyQxG0X"
1650447853898	Marionette	INFO	Marionette enabled
console.warn: SearchSettings: "get: No settings file exists, new profile?" (new NotFoundError("Could not open the file at C:\\Users\\Jet\\AppData\\Local\\Temp\\rust_mozprofileyQxG0X\\search.json.mozlz4", (void 0)))
DevTools listening on ws://localhost:52093/devtools/browser/d306d64e-fd76-4e4e-a725-c845773c3847
1650447856983	Marionette	INFO	Listening on port 52116
Read port: 52116
1650447857089	RemoteAgent	WARN	TLS certificate errors will be ignored for this session
JavaScript error: , line 0: NS_ERROR_NOT_AVAILABLE
